<?xml version="1.0" encoding="UTF-8"?>
<!-- Generated by org.testng.reporters.JUnitXMLReporter -->
<testsuite ignored="3" hostname="hp252734T" failures="0" tests="2" name="Chrome Test" time="8.848" errors="0" timestamp="2024-08-26T08:45:13 IST">
  <testcase classname="testScript.LoginPage_Test" name="verifyUserIsAbleToLoginUsingValidCredentials" time="0.974"/>
  <testcase classname="testScript.LoginPage_Test" name="verifyUserIsAbleToLoginUsingInvalidUsernameValidPassword" time="0.499"/>
  <testcase classname="testScript.Base" name="f" time="0.0">
    <ignored/>
  </testcase> <!-- f -->
  <testcase classname="testScript.LoginPage_Test" name="verifyUserIsAbleToLoginUsinginvalidCredentials" time="0.0">
    <ignored/>
  </testcase> <!-- verifyUserIsAbleToLoginUsinginvalidCredentials -->
  <testcase classname="testScript.LoginPage_Test" name="verifyUserIsAbleToLoginUsingValidUsernameInvalidPassword" time="0.0">
    <ignored/>
  </testcase> <!-- verifyUserIsAbleToLoginUsingValidUsernameInvalidPassword -->
</testsuite> <!-- Chrome Test -->
