<?xml version="1.0" encoding="UTF-8"?>
<testng-results ignored="0" total="3" passed="3" failed="0" skipped="0">
  <reporter-output>
  </reporter-output>
  <suite started-at="2024-08-26T08:45:04 IST" name="Cross Browser Testing" finished-at="2024-08-26T08:45:19 IST" duration-ms="14581">
    <groups>
      <group name="Smoke testing">
        <method signature="LoginPage_Test.verifyUserIsAbleToLoginUsingInvalidUsernameValidPassword(java.lang.String,java.lang.String)[pri:0, instance:testScript.LoginPage_Test@18f8cd79]" name="verifyUserIsAbleToLoginUsingInvalidUsernameValidPassword" class="testScript.LoginPage_Test"/>
      </group> <!-- Smoke testing -->
    </groups>
    <test started-at="2024-08-26T08:45:04 IST" name="Chrome Test" finished-at="2024-08-26T08:45:13 IST" duration-ms="8848">
      <class name="testScript.LoginPage_Test">
        <test-method is-config="true" signature="initialiseBrowser(java.lang.String)[pri:0, instance:testScript.LoginPage_Test@18f8cd79]" started-at="2024-08-26T08:45:04 IST" name="initialiseBrowser" finished-at="2024-08-26T08:45:10 IST" duration-ms="5452" status="PASS">
          <params>
            <param index="0">
              <value>
                <![CDATA[Chrome]]>
              </value>
            </param>
          </params>
          <reporter-output>
          </reporter-output>
        </test-method> <!-- initialiseBrowser -->
        <test-method signature="verifyUserIsAbleToLoginUsingValidCredentials(java.lang.String,java.lang.String)[pri:0, instance:testScript.LoginPage_Test@18f8cd79]" started-at="2024-08-26T08:45:10 IST" name="verifyUserIsAbleToLoginUsingValidCredentials" finished-at="2024-08-26T08:45:11 IST" duration-ms="974" status="PASS">
          <params>
            <param index="0">
              <value>
                <![CDATA[admin]]>
              </value>
            </param>
            <param index="1">
              <value>
                <![CDATA[admin]]>
              </value>
            </param>
          </params>
          <reporter-output>
          </reporter-output>
        </test-method> <!-- verifyUserIsAbleToLoginUsingValidCredentials -->
        <test-method is-config="true" signature="initialiseBrowser(java.lang.String)[pri:0, instance:testScript.LoginPage_Test@18f8cd79]" started-at="2024-08-26T08:45:11 IST" name="initialiseBrowser" finished-at="2024-08-26T08:45:12 IST" duration-ms="1834" status="PASS">
          <params>
            <param index="0">
              <value>
                <![CDATA[Chrome]]>
              </value>
            </param>
          </params>
          <reporter-output>
          </reporter-output>
        </test-method> <!-- initialiseBrowser -->
        <test-method signature="verifyUserIsAbleToLoginUsingInvalidUsernameValidPassword(java.lang.String,java.lang.String)[pri:0, instance:testScript.LoginPage_Test@18f8cd79]" started-at="2024-08-26T08:45:12 IST" name="verifyUserIsAbleToLoginUsingInvalidUsernameValidPassword" finished-at="2024-08-26T08:45:13 IST" duration-ms="499" status="PASS">
          <params>
            <param index="0">
              <value>
                <![CDATA[admin3456789]]>
              </value>
            </param>
            <param index="1">
              <value>
                <![CDATA[admin]]>
              </value>
            </param>
          </params>
          <reporter-output>
          </reporter-output>
        </test-method> <!-- verifyUserIsAbleToLoginUsingInvalidUsernameValidPassword -->
      </class> <!-- testScript.LoginPage_Test -->
    </test> <!-- Chrome Test -->
    <test started-at="2024-08-26T08:45:13 IST" name="Edge Test" finished-at="2024-08-26T08:45:19 IST" duration-ms="5294">
      <class name="testScript.LoginPage_Test">
        <test-method is-config="true" signature="initialiseBrowser(java.lang.String)[pri:0, instance:testScript.LoginPage_Test@6531a794]" started-at="2024-08-26T08:45:13 IST" name="initialiseBrowser" finished-at="2024-08-26T08:45:18 IST" duration-ms="4640" status="PASS">
          <params>
            <param index="0">
              <value>
                <![CDATA[Edge]]>
              </value>
            </param>
          </params>
          <reporter-output>
          </reporter-output>
        </test-method> <!-- initialiseBrowser -->
        <test-method signature="verifyUserIsAbleToLoginUsingValidCredentials(java.lang.String,java.lang.String)[pri:0, instance:testScript.LoginPage_Test@6531a794]" started-at="2024-08-26T08:45:18 IST" name="verifyUserIsAbleToLoginUsingValidCredentials" finished-at="2024-08-26T08:45:19 IST" duration-ms="649" status="PASS">
          <params>
            <param index="0">
              <value>
                <![CDATA[admin]]>
              </value>
            </param>
            <param index="1">
              <value>
                <![CDATA[admin]]>
              </value>
            </param>
          </params>
          <reporter-output>
          </reporter-output>
        </test-method> <!-- verifyUserIsAbleToLoginUsingValidCredentials -->
        <test-method is-config="true" signature="afterMethod(org.testng.ITestResult)[pri:0, instance:testScript.LoginPage_Test@6531a794]" started-at="2024-08-26T08:45:19 IST" name="afterMethod" finished-at="2024-08-26T08:45:19 IST" duration-ms="1" status="PASS">
          <params>
            <param index="0">
              <value>
                <![CDATA[[TestResult name=verifyUserIsAbleToLoginUsingValidCredentials status=SUCCESS method=LoginPage_Test.verifyUserIsAbleToLoginUsingValidCredentials(java.lang.String,java.lang.String)[pri:0, instance:testScript.LoginPage_Test@6531a794] output={null}]]]>
              </value>
            </param>
          </params>
          <reporter-output>
          </reporter-output>
        </test-method> <!-- afterMethod -->
      </class> <!-- testScript.LoginPage_Test -->
    </test> <!-- Edge Test -->
  </suite> <!-- Cross Browser Testing -->
</testng-results>
